Determining if the pthread_create exist failed with the following output:
Change Dir: /home/tom/Desktop/CSCE 350/Project 2/Program_2_350/cmake-build-debug/CMakeFiles/CMakeTmp

Run Build Command:"/usr/bin/make" "cmTC_af7fd/fast"
/usr/bin/make -f CMakeFiles/cmTC_af7fd.dir/build.make CMakeFiles/cmTC_af7fd.dir/build
make[1]: Entering directory '/home/tom/Desktop/CSCE 350/Project 2/Program_2_350/cmake-build-debug/CMakeFiles/CMakeTmp'
Building C object CMakeFiles/cmTC_af7fd.dir/CheckSymbolExists.c.o
/usr/bin/cc    -o CMakeFiles/cmTC_af7fd.dir/CheckSymbolExists.c.o   -c "/home/tom/Desktop/CSCE 350/Project 2/Program_2_350/cmake-build-debug/CMakeFiles/CMakeTmp/CheckSymbolExists.c"
Linking C executable cmTC_af7fd
/home/tom/Desktop/clion-2018.1.6/bin/cmake/bin/cmake -E cmake_link_script CMakeFiles/cmTC_af7fd.dir/link.txt --verbose=1
/usr/bin/cc      -rdynamic CMakeFiles/cmTC_af7fd.dir/CheckSymbolExists.c.o  -o cmTC_af7fd 
CMakeFiles/cmTC_af7fd.dir/CheckSymbolExists.c.o: In function `main':
CheckSymbolExists.c:(.text+0x16): undefined reference to `pthread_create'
collect2: error: ld returned 1 exit status
CMakeFiles/cmTC_af7fd.dir/build.make:97: recipe for target 'cmTC_af7fd' failed
make[1]: *** [cmTC_af7fd] Error 1
make[1]: Leaving directory '/home/tom/Desktop/CSCE 350/Project 2/Program_2_350/cmake-build-debug/CMakeFiles/CMakeTmp'
Makefile:126: recipe for target 'cmTC_af7fd/fast' failed
make: *** [cmTC_af7fd/fast] Error 2

File /home/tom/Desktop/CSCE 350/Project 2/Program_2_350/cmake-build-debug/CMakeFiles/CMakeTmp/CheckSymbolExists.c:
/* */
#include <pthread.h>

int main(int argc, char** argv)
{
  (void)argv;
#ifndef pthread_create
  return ((int*)(&pthread_create))[argc];
#else
  (void)argc;
  return 0;
#endif
}

Determining if the function pthread_create exists in the pthreads failed with the following output:
Change Dir: /home/tom/Desktop/CSCE 350/Project 2/Program_2_350/cmake-build-debug/CMakeFiles/CMakeTmp

Run Build Command:"/usr/bin/make" "cmTC_37443/fast"
/usr/bin/make -f CMakeFiles/cmTC_37443.dir/build.make CMakeFiles/cmTC_37443.dir/build
make[1]: Entering directory '/home/tom/Desktop/CSCE 350/Project 2/Program_2_350/cmake-build-debug/CMakeFiles/CMakeTmp'
Building C object CMakeFiles/cmTC_37443.dir/CheckFunctionExists.c.o
/usr/bin/cc   -DCHECK_FUNCTION_EXISTS=pthread_create   -o CMakeFiles/cmTC_37443.dir/CheckFunctionExists.c.o   -c /home/tom/Desktop/clion-2018.1.6/bin/cmake/share/cmake-3.10/Modules/CheckFunctionExists.c
Linking C executable cmTC_37443
/home/tom/Desktop/clion-2018.1.6/bin/cmake/bin/cmake -E cmake_link_script CMakeFiles/cmTC_37443.dir/link.txt --verbose=1
/usr/bin/cc  -DCHECK_FUNCTION_EXISTS=pthread_create    -rdynamic CMakeFiles/cmTC_37443.dir/CheckFunctionExists.c.o  -o cmTC_37443 -lpthreads 
/usr/bin/ld: cannot find -lpthreads
collect2: error: ld returned 1 exit status
CMakeFiles/cmTC_37443.dir/build.make:97: recipe for target 'cmTC_37443' failed
make[1]: *** [cmTC_37443] Error 1
make[1]: Leaving directory '/home/tom/Desktop/CSCE 350/Project 2/Program_2_350/cmake-build-debug/CMakeFiles/CMakeTmp'
Makefile:126: recipe for target 'cmTC_37443/fast' failed
make: *** [cmTC_37443/fast] Error 2


